2021-09-21 18:03:03 -- [[(4, 4), 255], [255, 255], [255, 255], [255, 255]]
2021-09-21 18:03:03 -- [[(4, 4), 255], [255, 255], [(2, 3), 255], [255, 255]]
2021-09-21 18:03:03 -- [[255, 255], [255, 255], [255, 255], [255, 255]]
2021-09-21 18:03:03 -- [[(4, 4), (3, 4)], [255, 255], [(1, 3), 255], [255, 255]]
2021-09-21 18:03:03 -- [[(4, 4), 255], [255, 255], [(2, 3), 255], [255, 255]]
2021-09-21 18:03:04 -- [[255, 255], [255, 255], [255, 255], [255, 255]]
2021-09-21 18:03:04 -- [[(3, 3), (3, 3)], [255, 255], [(1, 2), 255], [255, 255]]
2021-09-21 18:03:04 -- [[255, 255], [255, 255], [255, 255], [255, 255]]
2021-09-21 18:03:04 -- [[(3, 3), (3, 3)], [255, 255], [(1, 2), 255], [255, 255]]
2021-09-21 18:03:04 -- [[(3, 3), 255], [255, 255], [(1, 2), 255], [255, 255]]
2021-09-21 18:03:04 -- [[(3, 4), 255], [255, 255], [(1, 2), 255], [255, 255]]
2021-09-21 18:03:04 -- [[(3, 4), (3, 4)], [255, 255], [(1, 2), 255], [255, 255]]
2021-09-21 18:03:04 -- [[(3, 4), 255], [255, 255], [(1, 2), 255], [255, 255]]
2021-09-21 18:03:04 -- [[(3, 3), (3, 3)], [255, 255], [(1, 2), 255], [255, 255]]
2021-09-21 18:03:04 -- [[(3, 3), 255], [255, 255], [(1, 2), 255], [255, 255]]
2021-09-21 18:03:04 -- [[(3, 3), (3, 3)], [255, 255], [(1, 2), 255], [255, 255]]
2021-09-21 18:03:05 -- [[(3, 3), 255], [255, 255], [(1, 2), 255], [255, 255]]
2021-09-21 18:03:05 -- [[(3, 3), (3, 3)], [255, 255], [(1, 2), 255], [255, 255]]
2021-09-21 18:03:05 -- [[(3, 3), 255], [255, 255], [(1, 2), 255], [255, 255]]
2021-09-21 18:03:05 -- [[(3, 3), 255], [255, 255], [(1, 1), 255], [255, 255]]
2021-09-21 18:03:05 -- [[(3, 3), 255], [255, 255], [(0, 1), 255], [255, 255]]
2021-09-21 18:03:05 -- [[(3, 2), 255], [255, 255], [(0, 1), 255], [255, 255]]
2021-09-21 18:03:05 -- [[255, 255], [255, 255], [255, 255], [255, 255]]
2021-09-21 18:03:06 -- [[(3, 2), 255], [255, 255], [255, 255], [255, 255]]
2021-09-21 18:03:06 -- [[(3, 2), 255], [255, 255], [(1, 1), 255], [255, 255]]
2021-09-21 18:03:06 -- [[(3, 2), 255], [255, 255], [255, 255], [255, 255]]
2021-09-21 18:03:06 -- [[255, 255], [255, 255], [255, 255], [255, 255]]
2021-09-21 18:03:06 -- [[(4, 3), 255], [255, 255], [(2, 2), 255], [255, 255]]
2021-09-21 18:03:06 -- [[(4, 3), 255], [255, 255], [255, 255], [255, 255]]
2021-09-21 18:03:06 -- [[255, 255], [255, 255], [(2, 2), 255], [255, 255]]
2021-09-21 18:03:06 -- [[(4, 4), (4, 4)], [255, 255], [(2, 2), 255], [255, 255]]
2021-09-21 18:03:06 -- [[(4, 4), 255], [255, 255], [(2, 2), 255], [255, 255]]
2021-09-21 18:03:06 -- [[(4, 4), (4, 4)], [255, 255], [(2, 2), 255], [255, 255]]
2021-09-21 18:03:06 -- [[(4, 4), (4, 3)], [255, 255], [(2, 2), 255], [255, 255]]
2021-09-21 18:03:06 -- [[(4, 3), (4, 3)], [255, 255], [(2, 2), 255], [255, 255]]
2021-09-21 18:03:07 -- [[(3, 3), (4, 3)], [255, 255], [(2, 2), 255], [255, 255]]
2021-09-21 18:03:07 -- [[255, (4, 3)], [255, 255], [(2, 2), 255], [255, 255]]
2021-09-21 18:03:07 -- [[255, (4, 3)], [255, 255], [255, 255], [255, 255]]
2021-09-21 18:03:07 -- [[255, (4, 3)], [255, 255], [(2, 2), 255], [255, 255]]
2021-09-21 18:03:07 -- [[255, (4, 3)], [255, 255], [255, 255], [255, 255]]
2021-09-21 18:03:07 -- [[255, (4, 3)], [255, 255], [(2, 2), 255], [255, 255]]
2021-09-21 18:03:07 -- [[255, (4, 3)], [255, 255], [255, 255], [255, 255]]
2021-09-21 18:03:07 -- [[255, (4, 3)], [255, 255], [(2, 2), 255], [255, 255]]
2021-09-21 18:03:08 -- [[255, (4, 3)], [255, 255], [255, 255], [255, 255]]
2021-09-21 18:03:08 -- [[255, (4, 3)], [255, 255], [(2, 2), 255], [255, 255]]
2021-09-21 18:03:08 -- [[255, (4, 3)], [255, 255], [255, 255], [255, 255]]
2021-09-21 18:03:08 -- [[255, (4, 3)], [255, 255], [(2, 2), 255], [255, 255]]
2021-09-21 18:03:08 -- [[255, (4, 3)], [255, 255], [255, 255], [255, 255]]
2021-09-21 18:03:08 -- [[255, (4, 3)], [255, 255], [(2, 2), 255], [255, 255]]
2021-09-21 18:03:08 -- [[255, 255], [255, 255], [(2, 2), 255], [255, 255]]
2021-09-21 18:03:08 -- [[255, 255], [255, 255], [255, 255], [255, 255]]
2021-09-21 18:03:08 -- [[255, (3, 3)], [255, 255], [255, 255], [255, 255]]
2021-09-21 18:03:08 -- [[255, (3, 3)], [255, 255], [(1, 1), 255], [255, 255]]
2021-09-21 18:03:09 -- [[255, 255], [255, 255], [(1, 1), 255], [255, 255]]
2021-09-21 18:03:09 -- [[255, (3, 3)], [255, 255], [(1, 1), 255], [255, 255]]
2021-09-21 18:03:09 -- [[255, (3, 3)], [255, 255], [(0, 1), 255], [255, 255]]
2021-09-21 18:03:09 -- [[255, 255], [255, 255], [255, 255], [255, 255]]
2021-09-21 18:03:11 -- [[255, 255], [255, 255], [(2, 2), 255], [255, 255]]
2021-09-21 18:03:11 -- [[255, 255], [255, 255], [255, 255], [255, 255]]
2021-09-21 18:03:12 -- [[255, 255], [255, 255], [(2, 1), 255], [255, 255]]
2021-09-21 18:03:12 -- [[255, (4, 3)], [255, 255], [(2, 1), 255], [255, 255]]
2021-09-21 18:03:12 -- [[(3, 3), (4, 3)], [255, 255], [(2, 1), 255], [255, 255]]
2021-09-21 18:03:12 -- [[(3, 3), (4, 3)], [255, 255], [255, 255], [255, 255]]
2021-09-21 18:03:12 -- [[255, (4, 3)], [255, 255], [255, 255], [255, 255]]
2021-09-21 18:03:12 -- [[255, (4, 3)], [255, 255], [(2, 1), 255], [255, 255]]
2021-09-21 18:03:12 -- [[255, (4, 3)], [255, 255], [255, 255], [255, 255]]
2021-09-21 18:03:12 -- [[255, 255], [255, 255], [255, 255], [255, 255]]
