2021-09-21 18:04:43 -- [[(4, 4), 255], [255, 255], [255, 255], [255, 255]]
2021-09-21 18:04:43 -- [[255, 255], [255, 255], [255, 255], [255, 255]]
2021-09-21 18:04:43 -- [[(3, 4), 255], [255, 255], [255, 255], [255, 255]]
2021-09-21 18:04:43 -- [[255, 255], [255, 255], [255, 255], [255, 255]]
2021-09-21 18:04:43 -- [[(3, 4), 255], [255, 255], [255, 255], [255, 255]]
2021-09-21 18:04:43 -- [[255, 255], [255, 255], [255, 255], [255, 255]]
2021-09-21 18:04:44 -- [[(5, 4), 255], [255, 255], [(2, 3), 255], [255, 255]]
2021-09-21 18:04:44 -- [[255, 255], [255, 255], [(2, 3), 255], [255, 255]]
2021-09-21 18:04:44 -- [[255, 255], [255, 255], [255, 255], [255, 255]]
2021-09-21 18:04:44 -- [[(5, 4), 255], [255, 255], [(1, 2), 255], [255, 255]]
2021-09-21 18:04:44 -- [[(5, 4), (5, 4)], [255, 255], [(1, 2), 255], [255, 255]]
2021-09-21 18:04:45 -- [[(5, 3), (5, 4)], [255, 255], [(1, 2), 255], [255, 255]]
2021-09-21 18:04:45 -- [[(5, 3), (5, 3)], [255, 255], [(1, 2), 255], [255, 255]]
2021-09-21 18:04:45 -- [[(5, 3), (5, 4)], [255, 255], [(1, 2), 255], [255, 255]]
2021-09-21 18:04:45 -- [[(5, 3), (5, 3)], [255, 255], [255, 255], [255, 255]]
2021-09-21 18:04:45 -- [[(5, 3), (5, 4)], [255, 255], [255, 255], [255, 255]]
2021-09-21 18:04:45 -- [[(5, 4), (5, 4)], [255, 255], [(1, 2), 255], [255, 255]]
2021-09-21 18:04:46 -- [[(5, 4), (5, 4)], [255, 255], [255, 255], [255, 255]]
2021-09-21 18:04:46 -- [[(5, 4), (5, 4)], [255, 255], [(1, 2), 255], [255, 255]]
2021-09-21 18:04:46 -- [[(5, 3), (5, 4)], [255, 255], [(1, 2), 255], [255, 255]]
2021-09-21 18:04:46 -- [[(5, 3), (5, 3)], [255, 255], [(1, 1), 255], [255, 255]]
2021-09-21 18:04:46 -- [[255, (5, 3)], [255, 255], [(1, 1), 255], [255, 255]]
2021-09-21 18:04:46 -- [[255, 255], [255, 255], [255, 255], [255, 255]]
2021-09-21 18:04:46 -- [[(5, 3), (5, 3)], [255, 255], [(0, 1), 255], [255, 255]]
2021-09-21 18:04:46 -- [[(4, 3), (5, 3)], [255, 255], [(0, 1), 255], [255, 255]]
2021-09-21 18:04:46 -- [[(4, 3), (5, 3)], [255, 255], [255, 255], [255, 255]]
2021-09-21 18:04:46 -- [[(4, 3), (5, 3)], [255, 255], [(0, 1), 255], [255, 255]]
2021-09-21 18:04:47 -- [[(4, 3), (5, 3)], [255, 255], [255, 255], [255, 255]]
2021-09-21 18:04:47 -- [[255, 255], [255, 255], [(0, 1), 255], [255, 255]]
2021-09-21 18:04:47 -- [[(4, 3), (5, 3)], [255, 255], [255, 255], [255, 255]]
2021-09-21 18:04:47 -- [[(4, 4), (5, 4)], [255, 255], [(1, 2), 255], [255, 255]]
2021-09-21 18:04:47 -- [[(5, 4), (5, 4)], [255, 255], [(1, 2), 255], [255, 255]]
2021-09-21 18:04:48 -- [[255, 255], [255, 255], [255, 255], [255, 255]]
2021-09-21 18:04:49 -- [[(4, 3), 255], [255, 255], [255, 255], [255, 255]]
2021-09-21 18:04:49 -- [[255, 255], [255, 255], [255, 255], [255, 255]]
2021-09-21 18:04:49 -- [[(4, 3), 255], [255, 255], [255, 255], [255, 255]]
2021-09-21 18:04:49 -- [[255, 255], [255, 255], [255, 255], [255, 255]]
2021-09-21 18:04:49 -- [[(5, 2), 255], [255, 255], [255, 255], [255, 255]]
2021-09-21 18:04:50 -- [[(5, 2), (5, 2)], [255, 255], [255, 255], [255, 255]]
2021-09-21 18:04:50 -- [[(5, 2), 255], [255, 255], [255, 255], [255, 255]]
2021-09-21 18:04:50 -- [[(5, 1), (5, 1)], [255, 255], [255, 255], [255, 255]]
2021-09-21 18:04:50 -- [[(5, 1), 255], [255, 255], [255, 255], [255, 255]]
2021-09-21 18:04:50 -- [[(5, 1), (5, 1)], [255, 255], [255, 255], [255, 255]]
2021-09-21 18:04:50 -- [[(5, 1), 255], [255, 255], [255, 255], [255, 255]]
2021-09-21 18:04:50 -- [[255, 255], [255, 255], [255, 255], [255, 255]]
2021-09-21 18:04:51 -- [[255, 255], [255, 255], [(4, 0), 255], [255, 255]]
2021-09-21 18:04:51 -- [[255, 255], [255, 255], [255, 255], [255, 255]]
2021-09-21 18:04:51 -- [[(8, 2), 255], [255, 255], [255, 255], [255, 255]]
2021-09-21 18:04:51 -- [[255, 255], [255, 255], [255, 255], [255, 255]]
2021-09-21 18:04:52 -- [[(4, 4), 255], [255, 255], [255, 255], [255, 255]]
2021-09-21 18:04:52 -- [[255, 255], [255, 255], [255, 255], [255, 255]]
2021-09-21 18:04:53 -- [[(4, 4), 255], [255, 255], [255, 255], [255, 255]]
2021-09-21 18:04:53 -- [[255, 255], [255, 255], [255, 255], [255, 255]]
2021-09-21 18:04:53 -- [[255, (5, 4)], [255, 255], [255, 255], [255, 255]]
2021-09-21 18:04:53 -- [[(4, 4), (5, 4)], [255, 255], [(2, 4), 255], [255, 255]]
2021-09-21 18:04:53 -- [[(4, 4), 255], [255, 255], [255, 255], [255, 255]]
2021-09-21 18:04:53 -- [[(4, 4), (5, 4)], [255, 255], [255, 255], [255, 255]]
2021-09-21 18:04:53 -- [[(4, 4), 255], [255, 255], [255, 255], [255, 255]]
2021-09-21 18:04:53 -- [[(4, 4), (5, 4)], [255, 255], [255, 255], [255, 255]]
2021-09-21 18:04:54 -- [[(4, 4), 255], [255, 255], [255, 255], [255, 255]]
2021-09-21 18:04:54 -- [[255, 255], [255, 255], [255, 255], [255, 255]]
2021-09-21 18:04:54 -- [[(4, 4), 255], [255, 255], [255, 255], [255, 255]]
2021-09-21 18:04:54 -- [[(4, 4), (5, 4)], [255, 255], [255, 255], [255, 255]]
2021-09-21 18:04:54 -- [[(4, 4), 255], [255, 255], [255, 255], [255, 255]]
2021-09-21 18:04:54 -- [[(4, 4), (5, 4)], [255, 255], [255, 255], [255, 255]]
2021-09-21 18:04:55 -- [[(4, 4), 255], [255, 255], [255, 255], [255, 255]]
2021-09-21 18:04:55 -- [[(4, 4), (5, 4)], [255, 255], [255, 255], [255, 255]]
2021-09-21 18:04:55 -- [[255, 255], [255, 255], [255, 255], [255, 255]]
2021-09-21 18:04:57 -- [[(4, 4), 255], [255, 255], [255, 255], [255, 255]]
2021-09-21 18:04:57 -- [[255, 255], [255, 255], [255, 255], [255, 255]]
2021-09-21 18:04:57 -- [[(4, 4), 255], [255, 255], [255, 255], [255, 255]]
2021-09-21 18:04:57 -- [[255, 255], [255, 255], [255, 255], [255, 255]]
2021-09-21 18:04:57 -- [[(4, 4), 255], [255, 255], [255, 255], [255, 255]]
2021-09-21 18:04:57 -- [[(4, 4), (4, 4)], [255, 255], [255, 255], [255, 255]]
2021-09-21 18:04:57 -- [[(4, 4), 255], [255, 255], [255, 255], [255, 255]]
2021-09-21 18:04:57 -- [[(4, 4), (4, 4)], [255, 255], [255, 255], [255, 255]]
2021-09-21 18:04:58 -- [[(4, 4), 255], [255, 255], [255, 255], [255, 255]]
2021-09-21 18:04:58 -- [[255, 255], [255, 255], [255, 255], [255, 255]]
2021-09-21 18:04:58 -- [[(4, 4), (5, 4)], [255, 255], [255, 255], [255, 255]]
2021-09-21 18:04:58 -- [[255, 255], [255, 255], [255, 255], [255, 255]]
2021-09-21 18:04:58 -- [[(4, 4), (5, 4)], [255, 255], [255, 255], [255, 255]]
2021-09-21 18:04:58 -- [[(4, 4), 255], [255, 255], [255, 255], [255, 255]]
2021-09-21 18:04:58 -- [[255, 255], [255, 255], [255, 255], [255, 255]]
2021-09-21 18:04:58 -- [[(4, 4), 255], [255, 255], [255, 255], [255, 255]]
2021-09-21 18:04:58 -- [[255, 255], [255, 255], [255, 255], [255, 255]]
2021-09-21 18:04:59 -- [[(5, 4), 255], [255, 255], [(2, 3), 255], [255, 255]]
2021-09-21 18:04:59 -- [[255, 255], [255, 255], [255, 255], [255, 255]]
2021-09-21 18:04:59 -- [[(6, 4), 255], [255, 255], [(3, 3), 255], [255, 255]]
2021-09-21 18:04:59 -- [[(6, 4), (6, 4)], [255, 255], [(3, 3), 255], [255, 255]]
2021-09-21 18:04:59 -- [[(6, 4), 255], [255, 255], [(3, 3), 255], [255, 255]]
2021-09-21 18:04:59 -- [[255, 255], [255, 255], [(3, 3), 255], [255, 255]]
2021-09-21 18:04:59 -- [[255, 255], [255, 255], [255, 255], [255, 255]]
2021-09-21 18:05:01 -- [[(6, 4), 255], [255, 255], [(2, 1), 255], [255, 255]]
2021-09-21 18:05:01 -- [[255, 255], [255, 255], [255, 255], [255, 255]]
2021-09-21 18:05:01 -- [[(6, 4), 255], [255, 255], [255, 255], [255, 255]]
2021-09-21 18:05:01 -- [[255, 255], [255, 255], [(2, 2), 255], [255, 255]]
2021-09-21 18:05:01 -- [[255, 255], [255, 255], [255, 255], [255, 255]]
2021-09-21 18:05:01 -- [[255, 255], [255, 255], [(2, 4), 255], [255, 255]]
2021-09-21 18:05:01 -- [[255, 255], [255, 255], [255, 255], [255, 255]]
2021-09-21 18:05:05 -- [[255, 255], [255, 255], [(2, 4), 255], [255, 255]]
2021-09-21 18:05:05 -- [[255, 255], [255, 255], [255, 255], [255, 255]]
2021-09-21 18:05:05 -- [[255, 255], [255, 255], [(2, 4), 255], [255, 255]]
2021-09-21 18:05:05 -- [[255, 255], [255, 255], [255, 255], [255, 255]]
2021-09-21 18:05:07 -- [[255, 255], [255, 255], [(2, 3), 255], [255, 255]]
2021-09-21 18:05:07 -- [[255, 255], [255, 255], [255, 255], [255, 255]]
2021-09-21 18:05:07 -- [[(5, 1), (5, 1)], [255, 255], [255, 255], [255, 255]]
2021-09-21 18:05:07 -- [[255, 255], [255, 255], [255, 255], [255, 255]]
2021-09-21 18:05:07 -- [[(6, 4), 255], [255, 255], [255, 255], [255, 255]]
2021-09-21 18:05:08 -- [[(6, 4), (6, 4)], [255, 255], [(3, 4), 255], [255, 255]]
2021-09-21 18:05:08 -- [[255, 255], [255, 255], [255, 255], [255, 255]]
2021-09-21 18:05:08 -- [[255, 255], [255, 255], [(3, 4), 255], [255, 255]]
2021-09-21 18:05:08 -- [[255, 255], [255, 255], [(3, 5), 255], [255, 255]]
2021-09-21 18:05:08 -- [[255, 255], [255, 255], [255, 255], [255, 255]]
2021-09-21 18:05:08 -- [[(4, 4), (4, 4)], [255, 255], [255, 255], [255, 255]]
2021-09-21 18:05:08 -- [[(4, 4), 255], [255, 255], [255, 255], [255, 255]]
2021-09-21 18:05:09 -- [[255, 255], [255, 255], [255, 255], [255, 255]]
2021-09-21 18:05:09 -- [[(6, 4), 255], [255, 255], [(3, 3), 255], [255, 255]]
2021-09-21 18:05:09 -- [[255, 255], [255, 255], [255, 255], [255, 255]]
2021-09-21 18:05:09 -- [[(5, 4), 255], [255, 255], [255, 255], [255, 255]]
2021-09-21 18:05:09 -- [[255, 255], [255, 255], [255, 255], [255, 255]]
2021-09-21 18:05:10 -- [[(7, 4), 255], [255, 255], [(4, 4), 255], [255, 255]]
2021-09-21 18:05:10 -- [[255, 255], [255, 255], [(4, 4), 255], [255, 255]]
2021-09-21 18:05:10 -- [[255, 255], [255, 255], [255, 255], [255, 255]]
2021-09-21 18:05:10 -- [[(7, 4), 255], [255, 255], [(3, 3), 255], [255, 255]]
2021-09-21 18:05:10 -- [[255, 255], [255, 255], [(3, 3), 255], [255, 255]]
2021-09-21 18:05:10 -- [[255, 255], [255, 255], [255, 255], [255, 255]]
2021-09-21 18:05:10 -- [[255, 255], [255, 255], [(3, 4), 255], [255, 255]]
2021-09-21 18:05:10 -- [[(6, 5), 255], [255, 255], [(3, 4), 255], [255, 255]]
2021-09-21 18:05:10 -- [[255, 255], [255, 255], [(3, 4), 255], [255, 255]]
2021-09-21 18:05:10 -- [[255, 255], [255, 255], [255, 255], [255, 255]]
2021-09-21 18:05:10 -- [[(6, 4), 255], [255, 255], [(3, 4), 255], [255, 255]]
2021-09-21 18:05:10 -- [[(6, 4), 255], [255, 255], [(2, 4), 255], [255, 255]]
2021-09-21 18:05:10 -- [[(6, 4), 255], [255, 255], [255, 255], [255, 255]]
2021-09-21 18:05:10 -- [[255, 255], [255, 255], [255, 255], [255, 255]]
2021-09-21 18:05:10 -- [[255, 255], [255, 255], [(2, 3), 255], [255, 255]]
2021-09-21 18:05:11 -- [[(6, 4), (5, 4)], [255, 255], [(2, 3), 255], [255, 255]]
2021-09-21 18:05:11 -- [[(6, 4), 255], [255, 255], [255, 255], [255, 255]]
2021-09-21 18:05:11 -- [[255, (5, 4)], [255, 255], [(2, 3), 255], [255, 255]]
2021-09-21 18:05:11 -- [[(6, 4), (5, 4)], [255, 255], [(2, 3), 255], [255, 255]]
2021-09-21 18:05:11 -- [[255, 255], [255, 255], [(2, 3), 255], [255, 255]]
2021-09-21 18:05:11 -- [[255, (5, 4)], [255, 255], [(2, 3), 255], [255, 255]]
2021-09-21 18:05:11 -- [[255, (5, 4)], [255, 255], [(2, 2), 255], [255, 255]]
2021-09-21 18:05:11 -- [[255, (5, 4)], [255, 255], [255, 255], [255, 255]]
2021-09-21 18:05:11 -- [[255, (5, 4)], [255, 255], [(2, 2), 255], [255, 255]]
2021-09-21 18:05:11 -- [[255, 255], [255, 255], [(2, 2), 255], [255, 255]]
2021-09-21 18:05:11 -- [[255, (5, 4)], [255, 255], [(2, 3), 255], [255, 255]]
2021-09-21 18:05:11 -- [[255, (5, 4)], [255, 255], [255, 255], [255, 255]]
2021-09-21 18:05:11 -- [[(5, 4), (6, 4)], [255, 255], [255, 255], [255, 255]]
2021-09-21 18:05:12 -- [[(5, 4), (6, 4)], [255, 255], [(2, 3), 255], [255, 255]]
2021-09-21 18:05:12 -- [[255, (6, 4)], [255, 255], [(2, 3), 255], [255, 255]]
2021-09-21 18:05:12 -- [[255, (5, 4)], [255, 255], [(2, 3), 255], [255, 255]]
2021-09-21 18:05:12 -- [[(5, 4), (5, 4)], [255, 255], [(2, 3), 255], [255, 255]]
2021-09-21 18:05:12 -- [[255, (5, 4)], [255, 255], [(2, 3), 255], [255, 255]]
2021-09-21 18:05:12 -- [[(5, 4), (5, 4)], [255, 255], [255, 255], [255, 255]]
2021-09-21 18:05:12 -- [[255, (5, 4)], [255, 255], [(2, 3), 255], [255, 255]]
2021-09-21 18:05:12 -- [[(5, 4), (5, 4)], [255, 255], [255, 255], [255, 255]]
2021-09-21 18:05:12 -- [[(5, 4), (5, 4)], [255, 255], [(2, 3), 255], [255, 255]]
2021-09-21 18:05:12 -- [[255, (5, 4)], [255, 255], [255, 255], [255, 255]]
2021-09-21 18:05:12 -- [[(5, 4), (5, 4)], [255, 255], [(2, 3), 255], [255, 255]]
2021-09-21 18:05:12 -- [[255, (5, 4)], [255, 255], [(2, 3), 255], [255, 255]]
2021-09-21 18:05:12 -- [[(5, 4), (5, 4)], [255, 255], [(2, 3), 255], [255, 255]]
2021-09-21 18:05:13 -- [[(5, 4), (5, 4)], [255, 255], [255, 255], [255, 255]]
2021-09-21 18:05:13 -- [[(5, 4), (5, 4)], [255, 255], [(2, 3), 255], [255, 255]]
2021-09-21 18:05:13 -- [[(5, 4), (5, 4)], [255, 255], [255, 255], [255, 255]]
2021-09-21 18:05:13 -- [[(5, 4), (5, 4)], [255, 255], [(2, 3), 255], [255, 255]]
2021-09-21 18:05:13 -- [[(5, 4), (5, 4)], [255, 255], [255, 255], [255, 255]]
2021-09-21 18:05:13 -- [[(5, 4), (5, 4)], [255, 255], [(2, 3), 255], [255, 255]]
2021-09-21 18:05:14 -- [[(5, 4), (5, 4)], [255, 255], [255, 255], [255, 255]]
2021-09-21 18:05:14 -- [[(5, 4), (5, 4)], [255, 255], [(2, 3), 255], [255, 255]]
2021-09-21 18:05:14 -- [[255, (6, 4)], [255, 255], [(2, 3), 255], [255, 255]]
2021-09-21 18:05:14 -- [[(5, 4), (6, 4)], [255, 255], [255, 255], [255, 255]]
2021-09-21 18:05:14 -- [[255, (6, 4)], [255, 255], [(2, 3), 255], [255, 255]]
2021-09-21 18:05:14 -- [[255, (5, 4)], [255, 255], [(2, 3), 255], [255, 255]]
2021-09-21 18:05:14 -- [[255, 255], [255, 255], [(2, 3), 255], [255, 255]]
2021-09-21 18:05:14 -- [[255, (5, 4)], [255, 255], [(2, 3), 255], [255, 255]]
2021-09-21 18:05:14 -- [[255, 255], [255, 255], [255, 255], [255, 255]]
2021-09-21 18:05:16 -- [[255, 255], [255, 255], [(2, 4), 255], [255, 255]]
2021-09-21 18:05:16 -- [[255, 255], [255, 255], [255, 255], [255, 255]]
2021-09-21 18:05:16 -- [[255, 255], [255, 255], [(2, 4), 255], [255, 255]]
2021-09-21 18:05:16 -- [[255, 255], [255, 255], [255, 255], [255, 255]]
2021-09-21 18:05:16 -- [[255, 255], [255, 255], [(2, 4), 255], [255, 255]]
2021-09-21 18:05:16 -- [[255, 255], [255, 255], [255, 255], [255, 255]]
2021-09-21 18:05:17 -- [[255, 255], [255, 255], [(3, 4), 255], [255, 255]]
2021-09-21 18:05:17 -- [[255, 255], [255, 255], [255, 255], [255, 255]]
2021-09-21 18:05:17 -- [[255, 255], [255, 255], [(3, 4), 255], [255, 255]]
2021-09-21 18:05:17 -- [[255, 255], [255, 255], [255, 255], [255, 255]]
2021-09-21 18:05:17 -- [[255, 255], [255, 255], [(3, 4), 255], [255, 255]]
2021-09-21 18:05:17 -- [[255, 255], [255, 255], [255, 255], [255, 255]]
2021-09-21 18:05:17 -- [[255, 255], [255, 255], [(2, 4), 255], [255, 255]]
2021-09-21 18:05:17 -- [[255, 255], [255, 255], [255, 255], [255, 255]]
2021-09-21 18:05:17 -- [[255, 255], [255, 255], [(3, 4), 255], [255, 255]]
2021-09-21 18:05:17 -- [[255, 255], [255, 255], [(3, 5), 255], [255, 255]]
2021-09-21 18:05:17 -- [[255, 255], [255, 255], [(3, 4), 255], [255, 255]]
2021-09-21 18:05:18 -- [[255, 255], [255, 255], [255, 255], [255, 255]]
2021-09-21 18:05:18 -- [[255, 255], [255, 255], [(3, 4), 255], [255, 255]]
2021-09-21 18:05:18 -- [[255, 255], [255, 255], [255, 255], [255, 255]]
2021-09-21 18:05:18 -- [[255, 255], [255, 255], [(3, 4), 255], [255, 255]]
2021-09-21 18:05:18 -- [[255, 255], [255, 255], [255, 255], [255, 255]]
2021-09-21 18:05:18 -- [[255, 255], [255, 255], [(3, 4), 255], [255, 255]]
2021-09-21 18:05:19 -- [[255, 255], [255, 255], [255, 255], [255, 255]]
2021-09-21 18:05:19 -- [[255, 255], [255, 255], [(3, 4), 255], [255, 255]]
2021-09-21 18:05:19 -- [[255, 255], [255, 255], [255, 255], [255, 255]]
2021-09-21 18:05:19 -- [[255, 255], [255, 255], [(3, 4), 255], [255, 255]]
2021-09-21 18:05:19 -- [[255, 255], [255, 255], [255, 255], [255, 255]]
2021-09-21 18:05:19 -- [[255, 255], [255, 255], [(3, 4), 255], [255, 255]]
2021-09-21 18:05:19 -- [[255, 255], [255, 255], [255, 255], [255, 255]]
2021-09-21 18:05:19 -- [[255, 255], [255, 255], [(3, 4), 255], [255, 255]]
2021-09-21 18:05:19 -- [[255, 255], [255, 255], [255, 255], [255, 255]]
2021-09-21 18:05:19 -- [[255, 255], [255, 255], [(3, 4), 255], [255, 255]]
2021-09-21 18:05:22 -- [[255, 255], [255, 255], [255, 255], [255, 255]]
2021-09-21 18:05:22 -- [[255, 255], [255, 255], [(3, 4), 255], [255, 255]]
2021-09-21 18:05:24 -- [[255, 255], [255, 255], [(4, 4), 255], [255, 255]]
2021-09-21 18:05:24 -- [[255, 255], [255, 255], [(3, 4), 255], [255, 255]]
2021-09-21 18:05:24 -- [[255, 255], [255, 255], [255, 255], [255, 255]]
2021-09-21 18:05:24 -- [[255, 255], [255, 255], [(2, 4), 255], [255, 255]]
2021-09-21 18:05:25 -- [[255, 255], [255, 255], [255, 255], [255, 255]]
2021-09-21 18:05:26 -- [[255, 255], [255, 255], [(3, 4), 255], [255, 255]]
2021-09-21 18:05:26 -- [[255, 255], [255, 255], [255, 255], [255, 255]]
2021-09-21 18:05:26 -- [[255, 255], [255, 255], [(2, 4), 255], [255, 255]]
2021-09-21 18:05:26 -- [[255, 255], [255, 255], [255, 255], [255, 255]]
2021-09-21 18:05:26 -- [[255, 255], [255, 255], [(2, 4), 255], [255, 255]]
2021-09-21 18:05:26 -- [[255, 255], [255, 255], [255, 255], [255, 255]]
2021-09-21 18:05:26 -- [[255, 255], [255, 255], [(2, 4), 255], [255, 255]]
2021-09-21 18:05:27 -- [[255, 255], [255, 255], [255, 255], [255, 255]]
2021-09-21 18:05:27 -- [[255, 255], [255, 255], [(2, 4), 255], [255, 255]]
2021-09-21 18:05:27 -- [[255, 255], [255, 255], [255, 255], [255, 255]]
2021-09-21 18:05:27 -- [[255, 255], [255, 255], [(2, 4), 255], [255, 255]]
2021-09-21 18:05:27 -- [[255, 255], [255, 255], [255, 255], [255, 255]]
2021-09-21 18:05:28 -- [[255, (4, 4)], [255, 255], [255, 255], [255, 255]]
2021-09-21 18:05:28 -- [[255, 255], [255, 255], [255, 255], [255, 255]]
2021-09-21 18:05:28 -- [[255, (3, 4)], [255, 255], [255, 255], [255, 255]]
2021-09-21 18:05:28 -- [[(3, 4), (3, 4)], [255, 255], [255, 255], [255, 255]]
2021-09-21 18:05:28 -- [[255, (3, 4)], [255, 255], [255, 255], [255, 255]]
2021-09-21 18:05:28 -- [[255, 255], [255, 255], [255, 255], [255, 255]]
2021-09-21 18:05:28 -- [[255, (3, 4)], [255, 255], [255, 255], [255, 255]]
2021-09-21 18:05:29 -- [[255, 255], [255, 255], [255, 255], [255, 255]]
2021-09-21 18:05:29 -- [[255, (3, 4)], [255, 255], [255, 255], [255, 255]]
2021-09-21 18:05:29 -- [[255, 255], [255, 255], [255, 255], [255, 255]]
2021-09-21 18:05:29 -- [[255, (3, 4)], [255, 255], [255, 255], [255, 255]]
2021-09-21 18:05:29 -- [[(2, 4), (3, 4)], [255, 255], [255, 255], [255, 255]]
2021-09-21 18:05:29 -- [[255, (3, 4)], [255, 255], [255, 255], [255, 255]]
2021-09-21 18:05:29 -- [[255, 255], [255, 255], [255, 255], [255, 255]]
2021-09-21 18:05:29 -- [[255, (3, 4)], [255, 255], [255, 255], [255, 255]]
2021-09-21 18:05:29 -- [[255, (2, 4)], [255, 255], [255, 255], [255, 255]]
2021-09-21 18:05:29 -- [[(2, 4), (2, 4)], [255, 255], [255, 255], [255, 255]]
2021-09-21 18:05:29 -- [[255, (2, 4)], [255, 255], [255, 255], [255, 255]]
2021-09-21 18:05:29 -- [[255, 255], [255, 255], [255, 255], [255, 255]]
2021-09-21 18:05:29 -- [[255, (3, 4)], [255, 255], [255, 255], [255, 255]]
2021-09-21 18:05:29 -- [[255, 255], [255, 255], [255, 255], [255, 255]]
2021-09-21 18:05:30 -- [[255, (3, 4)], [255, 255], [255, 255], [255, 255]]
2021-09-21 18:05:30 -- [[255, 255], [255, 255], [255, 255], [255, 255]]
2021-09-21 18:05:30 -- [[255, (3, 4)], [255, 255], [255, 255], [255, 255]]
2021-09-21 18:05:30 -- [[(3, 4), (3, 4)], [255, 255], [255, 255], [255, 255]]
2021-09-21 18:05:30 -- [[255, (3, 4)], [255, 255], [255, 255], [255, 255]]
2021-09-21 18:05:30 -- [[255, 255], [255, 255], [255, 255], [255, 255]]
2021-09-21 18:05:30 -- [[255, (3, 4)], [255, 255], [255, 255], [255, 255]]
2021-09-21 18:05:30 -- [[255, 255], [255, 255], [255, 255], [255, 255]]
2021-09-21 18:05:30 -- [[255, (3, 4)], [255, 255], [255, 255], [255, 255]]
2021-09-21 18:05:30 -- [[255, 255], [255, 255], [255, 255], [255, 255]]
2021-09-21 18:05:30 -- [[255, (3, 4)], [255, 255], [255, 255], [255, 255]]
2021-09-21 18:05:30 -- [[255, 255], [255, 255], [255, 255], [255, 255]]
2021-09-21 18:05:30 -- [[255, (3, 4)], [255, 255], [255, 255], [255, 255]]
2021-09-21 18:05:30 -- [[(3, 4), (3, 4)], [255, 255], [255, 255], [255, 255]]
2021-09-21 18:05:31 -- [[255, (3, 4)], [255, 255], [255, 255], [255, 255]]
2021-09-21 18:05:31 -- [[(3, 4), (3, 4)], [255, 255], [255, 255], [255, 255]]
2021-09-21 18:05:31 -- [[255, (3, 4)], [255, 255], [255, 255], [255, 255]]
2021-09-21 18:05:31 -- [[255, 255], [255, 255], [255, 255], [255, 255]]
2021-09-21 18:05:31 -- [[(3, 4), (4, 4)], [255, 255], [255, 255], [255, 255]]
2021-09-21 18:05:31 -- [[255, (4, 4)], [255, 255], [255, 255], [255, 255]]
2021-09-21 18:05:31 -- [[(3, 4), (3, 4)], [255, 255], [255, 255], [255, 255]]
2021-09-21 18:05:32 -- [[(3, 4), (4, 4)], [255, 255], [255, 255], [255, 255]]
2021-09-21 18:05:32 -- [[255, (4, 4)], [255, 255], [255, 255], [255, 255]]
2021-09-21 18:05:32 -- [[(3, 4), (4, 4)], [255, 255], [255, 255], [255, 255]]
2021-09-21 18:05:32 -- [[255, (4, 4)], [255, 255], [255, 255], [255, 255]]
2021-09-21 18:05:32 -- [[(3, 4), (4, 4)], [255, 255], [255, 255], [255, 255]]
2021-09-21 18:05:32 -- [[255, (4, 4)], [255, 255], [255, 255], [255, 255]]
2021-09-21 18:05:32 -- [[(3, 4), (4, 4)], [255, 255], [255, 255], [255, 255]]
2021-09-21 18:05:32 -- [[255, (4, 4)], [255, 255], [255, 255], [255, 255]]
2021-09-21 18:05:33 -- [[(3, 4), (4, 4)], [255, 255], [255, 255], [255, 255]]
2021-09-21 18:05:33 -- [[255, (4, 4)], [255, 255], [255, 255], [255, 255]]
2021-09-21 18:05:33 -- [[(3, 4), (4, 4)], [255, 255], [255, 255], [255, 255]]
2021-09-21 18:05:33 -- [[255, (4, 4)], [255, 255], [255, 255], [255, 255]]
2021-09-21 18:05:33 -- [[255, 255], [255, 255], [255, 255], [255, 255]]
2021-09-21 18:05:33 -- [[255, (4, 4)], [255, 255], [255, 255], [255, 255]]
2021-09-21 18:05:33 -- [[(4, 4), (4, 4)], [255, 255], [255, 255], [255, 255]]
2021-09-21 18:05:33 -- [[255, (4, 4)], [255, 255], [255, 255], [255, 255]]
2021-09-21 18:05:33 -- [[(4, 4), (4, 4)], [255, 255], [255, 255], [255, 255]]
2021-09-21 18:05:33 -- [[255, 255], [255, 255], [255, 255], [255, 255]]
2021-09-21 18:05:34 -- [[(4, 4), 255], [255, 255], [255, 255], [255, 255]]
2021-09-21 18:05:34 -- [[(4, 4), (4, 4)], [255, 255], [255, 255], [255, 255]]
2021-09-21 18:05:34 -- [[255, (4, 4)], [255, 255], [255, 255], [255, 255]]
2021-09-21 18:05:34 -- [[(4, 4), (4, 4)], [255, 255], [255, 255], [255, 255]]
2021-09-21 18:05:34 -- [[255, (4, 4)], [255, 255], [255, 255], [255, 255]]
2021-09-21 18:05:34 -- [[255, 255], [255, 255], [255, 255], [255, 255]]
2021-09-21 18:05:34 -- [[255, 255], [255, 255], [(2, 4), 255], [255, 255]]
2021-09-21 18:05:34 -- [[255, 255], [255, 255], [255, 255], [255, 255]]
2021-09-21 18:05:35 -- [[255, (5, 4)], [255, 255], [(2, 2), 255], [255, 255]]
2021-09-21 18:05:35 -- [[255, 255], [255, 255], [255, 255], [255, 255]]
2021-09-21 18:05:36 -- [[255, (5, 4)], [255, 255], [255, 255], [255, 255]]
2021-09-21 18:05:36 -- [[255, 255], [255, 255], [255, 255], [255, 255]]
2021-09-21 18:05:36 -- [[255, 255], [255, 255], [(1, 1), 255], [255, 255]]
2021-09-21 18:05:36 -- [[255, 255], [255, 255], [255, 255], [255, 255]]
2021-09-21 18:05:37 -- [[255, (5, 0)], [255, 255], [255, 255], [255, 255]]
2021-09-21 18:05:37 -- [[255, (4, 0)], [255, 255], [255, 255], [255, 255]]
2021-09-21 18:05:37 -- [[255, 255], [255, 255], [255, 255], [255, 255]]
2021-09-21 18:05:37 -- [[(4, 0), 255], [255, 255], [255, 255], [255, 255]]
2021-09-21 18:05:37 -- [[255, 255], [255, 255], [255, 255], [255, 255]]
2021-09-21 18:05:38 -- [[255, 255], [255, 255], [(3, 4), 255], [255, 255]]
2021-09-21 18:05:38 -- [[(6, 4), 255], [255, 255], [(3, 4), 255], [255, 255]]
2021-09-21 18:05:39 -- [[255, 255], [255, 255], [255, 255], [255, 255]]
2021-09-21 18:05:39 -- [[255, 255], [255, 255], [(2, 2), 255], [255, 255]]
2021-09-21 18:05:39 -- [[(6, 4), 255], [255, 255], [(2, 2), 255], [255, 255]]
2021-09-21 18:05:39 -- [[(6, 4), 255], [255, 255], [(2, 1), 255], [255, 255]]
2021-09-21 18:05:39 -- [[(6, 4), 255], [255, 255], [(2, 2), 255], [255, 255]]
2021-09-21 18:05:39 -- [[(6, 4), (5, 4)], [255, 255], [(2, 2), 255], [255, 255]]
2021-09-21 18:05:39 -- [[(6, 4), 255], [255, 255], [(2, 2), 255], [255, 255]]
2021-09-21 18:05:39 -- [[255, 255], [255, 255], [(2, 2), 255], [255, 255]]
2021-09-21 18:05:40 -- [[255, 255], [255, 255], [255, 255], [255, 255]]
2021-09-21 18:05:40 -- [[(5, 4), 255], [255, 255], [(1, 2), 255], [255, 255]]
2021-09-21 18:05:40 -- [[255, 255], [255, 255], [(1, 2), 255], [255, 255]]
2021-09-21 18:05:40 -- [[255, 255], [255, 255], [255, 255], [255, 255]]
2021-09-21 18:05:40 -- [[(5, 4), 255], [255, 255], [(2, 3), 255], [255, 255]]
2021-09-21 18:05:40 -- [[255, 255], [255, 255], [255, 255], [255, 255]]
2021-09-21 18:05:40 -- [[(5, 4), 255], [255, 255], [(2, 3), 255], [255, 255]]
2021-09-21 18:05:40 -- [[255, 255], [255, 255], [(2, 3), 255], [255, 255]]
2021-09-21 18:05:40 -- [[255, 255], [255, 255], [255, 255], [255, 255]]
2021-09-21 18:05:40 -- [[255, 255], [255, 255], [(2, 3), 255], [255, 255]]
2021-09-21 18:05:40 -- [[255, 255], [255, 255], [255, 255], [255, 255]]
2021-09-21 18:05:41 -- [[(4, 4), (4, 4)], [255, 255], [(1, 2), 255], [255, 255]]
2021-09-21 18:05:41 -- [[255, 255], [255, 255], [(1, 2), 255], [255, 255]]
2021-09-21 18:05:41 -- [[255, 255], [255, 255], [255, 255], [255, 255]]
2021-09-21 18:05:42 -- [[(5, 4), (5, 4)], [255, 255], [255, 255], [255, 255]]
2021-09-21 18:05:42 -- [[255, 255], [255, 255], [255, 255], [255, 255]]
2021-09-21 18:05:42 -- [[(6, 4), (6, 3)], [255, 255], [255, 255], [255, 255]]
2021-09-21 18:05:42 -- [[255, 255], [255, 255], [255, 255], [255, 255]]
2021-09-21 18:05:43 -- [[255, 255], [255, 255], [(3, 3), 255], [255, 255]]
2021-09-21 18:05:43 -- [[255, 255], [255, 255], [255, 255], [255, 255]]
2021-09-21 18:05:43 -- [[255, 255], [255, 255], [(3, 4), 255], [255, 255]]
2021-09-21 18:05:43 -- [[(5, 5), (5, 4)], [255, 255], [(2, 4), 255], [255, 255]]
2021-09-21 18:05:43 -- [[255, (5, 4)], [255, 255], [255, 255], [255, 255]]
2021-09-21 18:05:43 -- [[255, 255], [255, 255], [255, 255], [255, 255]]
2021-09-21 18:05:43 -- [[255, 255], [255, 255], [(2, 3), 255], [255, 255]]
2021-09-21 18:05:43 -- [[255, (5, 4)], [255, 255], [255, 255], [255, 255]]
2021-09-21 18:05:43 -- [[255, (5, 4)], [255, 255], [(2, 3), 255], [255, 255]]
2021-09-21 18:05:43 -- [[255, 255], [255, 255], [(2, 3), 255], [255, 255]]
2021-09-21 18:05:43 -- [[255, (5, 4)], [255, 255], [255, 255], [255, 255]]
2021-09-21 18:05:43 -- [[255, 255], [255, 255], [(2, 3), 255], [255, 255]]
2021-09-21 18:05:43 -- [[255, 255], [255, 255], [(2, 2), 255], [255, 255]]
2021-09-21 18:05:44 -- [[255, (5, 4)], [255, 255], [(2, 2), 255], [255, 255]]
2021-09-21 18:05:44 -- [[255, 255], [255, 255], [(2, 2), 255], [255, 255]]
2021-09-21 18:05:44 -- [[255, (5, 4)], [255, 255], [(2, 2), 255], [255, 255]]
2021-09-21 18:05:44 -- [[255, (5, 4)], [255, 255], [255, 255], [255, 255]]
2021-09-21 18:05:44 -- [[255, 255], [255, 255], [255, 255], [255, 255]]
2021-09-21 18:05:44 -- [[255, 255], [255, 255], [(2, 3), 255], [255, 255]]
2021-09-21 18:05:44 -- [[255, 255], [255, 255], [255, 255], [255, 255]]
2021-09-21 18:05:44 -- [[255, 255], [255, 255], [(2, 4), 255], [255, 255]]
2021-09-21 18:05:44 -- [[255, 255], [255, 255], [255, 255], [255, 255]]
2021-09-21 18:05:45 -- [[255, 255], [255, 255], [(2, 3), 255], [255, 255]]
2021-09-21 18:05:45 -- [[255, 255], [255, 255], [255, 255], [255, 255]]
2021-09-21 18:05:45 -- [[255, (4, 4)], [255, 255], [255, 255], [255, 255]]
2021-09-21 18:05:45 -- [[255, 255], [255, 255], [255, 255], [255, 255]]
2021-09-21 18:05:45 -- [[255, (4, 4)], [255, 255], [(2, 3), 255], [255, 255]]
2021-09-21 18:05:45 -- [[255, 255], [255, 255], [(2, 3), 255], [255, 255]]
2021-09-21 18:05:45 -- [[255, 255], [255, 255], [255, 255], [255, 255]]
2021-09-21 18:05:45 -- [[255, 255], [255, 255], [(2, 2), 255], [255, 255]]
2021-09-21 18:05:45 -- [[255, 255], [255, 255], [255, 255], [255, 255]]
2021-09-21 18:05:45 -- [[255, 255], [255, 255], [(2, 2), 255], [255, 255]]
2021-09-21 18:05:45 -- [[255, 255], [255, 255], [255, 255], [255, 255]]
2021-09-21 18:05:45 -- [[255, 255], [255, 255], [(2, 2), 255], [255, 255]]
2021-09-21 18:05:45 -- [[255, 255], [255, 255], [255, 255], [255, 255]]
2021-09-21 18:05:45 -- [[255, (5, 4)], [255, 255], [(2, 2), 255], [255, 255]]
2021-09-21 18:05:46 -- [[255, 255], [255, 255], [(2, 2), 255], [255, 255]]
2021-09-21 18:05:46 -- [[255, (4, 4)], [255, 255], [(2, 2), 255], [255, 255]]
2021-09-21 18:05:46 -- [[255, 255], [255, 255], [(2, 3), 255], [255, 255]]
2021-09-21 18:05:46 -- [[255, 255], [255, 255], [255, 255], [255, 255]]
2021-09-21 18:05:46 -- [[255, 255], [255, 255], [(2, 3), 255], [255, 255]]
2021-09-21 18:05:46 -- [[255, 255], [255, 255], [255, 255], [255, 255]]
2021-09-21 18:05:46 -- [[255, 255], [255, 255], [(2, 4), 255], [255, 255]]
2021-09-21 18:05:46 -- [[255, 255], [255, 255], [255, 255], [255, 255]]
2021-09-21 18:05:46 -- [[255, (4, 4)], [255, 255], [255, 255], [255, 255]]
2021-09-21 18:05:47 -- [[255, 255], [255, 255], [255, 255], [255, 255]]
2021-09-21 18:05:47 -- [[255, (5, 4)], [255, 255], [255, 255], [255, 255]]
2021-09-21 18:05:47 -- [[255, (5, 4)], [255, 255], [(2, 3), 255], [255, 255]]
2021-09-21 18:05:47 -- [[(5, 4), (5, 4)], [255, 255], [(2, 3), 255], [255, 255]]
2021-09-21 18:05:48 -- [[255, 255], [255, 255], [255, 255], [255, 255]]
2021-09-21 18:05:49 -- [[255, (3, 1)], [255, 255], [255, 255], [255, 255]]
2021-09-21 18:05:49 -- [[(4, 1), (3, 1)], [255, 255], [255, 255], [255, 255]]
2021-09-21 18:05:49 -- [[(4, 1), 255], [255, 255], [255, 255], [255, 255]]
2021-09-21 18:05:50 -- [[255, (3, 1)], [255, 255], [255, 255], [255, 255]]
2021-09-21 18:05:50 -- [[255, 255], [255, 255], [255, 255], [255, 255]]
2021-09-21 18:05:50 -- [[255, (3, 3)], [255, 255], [255, 255], [255, 255]]
2021-09-21 18:05:50 -- [[(3, 3), 255], [255, 255], [255, 255], [255, 255]]
2021-09-21 18:05:50 -- [[255, 255], [255, 255], [255, 255], [255, 255]]
2021-09-21 18:05:50 -- [[255, (3, 3)], [255, 255], [255, 255], [255, 255]]
2021-09-21 18:05:50 -- [[255, 255], [255, 255], [255, 255], [255, 255]]
2021-09-21 18:05:50 -- [[255, (2, 2)], [255, 255], [255, 255], [255, 255]]
2021-09-21 18:05:50 -- [[(3, 2), (2, 2)], [255, 255], [255, 255], [255, 255]]
2021-09-21 18:05:50 -- [[(3, 2), 255], [255, 255], [255, 255], [255, 255]]
2021-09-21 18:05:50 -- [[(3, 2), (2, 2)], [255, 255], [255, 255], [255, 255]]
2021-09-21 18:05:51 -- [[(3, 2), (2, 1)], [255, 255], [255, 255], [255, 255]]
2021-09-21 18:05:51 -- [[(3, 1), (2, 1)], [255, 255], [255, 255], [255, 255]]
2021-09-21 18:05:51 -- [[(3, 1), 255], [255, 255], [255, 255], [255, 255]]
2021-09-21 18:05:51 -- [[(3, 1), (2, 1)], [255, 255], [255, 255], [255, 255]]
2021-09-21 18:05:51 -- [[255, 255], [255, 255], [255, 255], [255, 255]]
2021-09-21 18:05:52 -- [[(3, 2), 255], [255, 255], [255, 255], [255, 255]]
2021-09-21 18:05:52 -- [[255, 255], [255, 255], [255, 255], [255, 255]]
2021-09-21 18:05:52 -- [[(3, 2), 255], [255, 255], [255, 255], [255, 255]]
2021-09-21 18:05:52 -- [[255, 255], [255, 255], [255, 255], [255, 255]]
2021-09-21 18:05:53 -- [[255, (3, 2)], [255, 255], [255, 255], [255, 255]]
2021-09-21 18:05:53 -- [[255, 255], [255, 255], [255, 255], [255, 255]]
2021-09-21 18:05:53 -- [[255, (3, 2)], [255, 255], [255, 255], [255, 255]]
2021-09-21 18:05:53 -- [[255, 255], [255, 255], [255, 255], [255, 255]]
2021-09-21 18:05:54 -- [[255, (3, 2)], [255, 255], [255, 255], [255, 255]]
2021-09-21 18:05:54 -- [[255, 255], [255, 255], [255, 255], [255, 255]]
2021-09-21 18:05:54 -- [[255, (3, 2)], [255, 255], [255, 255], [255, 255]]
2021-09-21 18:05:54 -- [[255, 255], [255, 255], [255, 255], [255, 255]]
2021-09-21 18:05:54 -- [[255, (3, 2)], [255, 255], [255, 255], [255, 255]]
2021-09-21 18:05:54 -- [[255, 255], [255, 255], [255, 255], [255, 255]]
2021-09-21 18:05:54 -- [[255, (3, 2)], [255, 255], [255, 255], [255, 255]]
2021-09-21 18:05:54 -- [[255, 255], [255, 255], [255, 255], [255, 255]]
2021-09-21 18:05:55 -- [[(3, 3), 255], [255, 255], [255, 255], [255, 255]]
2021-09-21 18:05:55 -- [[255, 255], [255, 255], [255, 255], [255, 255]]
2021-09-21 18:05:55 -- [[(3, 3), 255], [255, 255], [255, 255], [255, 255]]
2021-09-21 18:05:55 -- [[255, 255], [255, 255], [255, 255], [255, 255]]
2021-09-21 18:05:55 -- [[(4, 3), 255], [255, 255], [(1, 0), 255], [255, 255]]
2021-09-21 18:05:55 -- [[(4, 3), 255], [255, 255], [(2, 0), 255], [255, 255]]
2021-09-21 18:05:55 -- [[(4, 3), 255], [255, 255], [(2, 1), 255], [255, 255]]
2021-09-21 18:05:55 -- [[(4, 3), 255], [255, 255], [(2, 0), 255], [255, 255]]
2021-09-21 18:05:55 -- [[(4, 3), 255], [255, 255], [(1, 0), 255], [255, 255]]
2021-09-21 18:05:56 -- [[(4, 3), 255], [255, 255], [255, 255], [255, 255]]
2021-09-21 18:05:56 -- [[(5, 3), 255], [255, 255], [255, 255], [255, 255]]
2021-09-21 18:05:57 -- [[(5, 3), (4, 3)], [255, 255], [255, 255], [255, 255]]
2021-09-21 18:05:57 -- [[(5, 3), 255], [255, 255], [255, 255], [255, 255]]
2021-09-21 18:05:57 -- [[(5, 3), (4, 3)], [255, 255], [255, 255], [255, 255]]
2021-09-21 18:05:57 -- [[(5, 3), 255], [255, 255], [255, 255], [255, 255]]
2021-09-21 18:05:57 -- [[(5, 3), (4, 3)], [255, 255], [255, 255], [255, 255]]
2021-09-21 18:05:57 -- [[(5, 3), 255], [255, 255], [255, 255], [255, 255]]
2021-09-21 18:05:57 -- [[(5, 3), (4, 3)], [255, 255], [255, 255], [255, 255]]
2021-09-21 18:05:57 -- [[(5, 3), 255], [255, 255], [255, 255], [255, 255]]
2021-09-21 18:05:57 -- [[(5, 3), (4, 3)], [255, 255], [255, 255], [255, 255]]
2021-09-21 18:05:58 -- [[(5, 3), 255], [255, 255], [255, 255], [255, 255]]
2021-09-21 18:05:58 -- [[(5, 3), (4, 3)], [255, 255], [255, 255], [255, 255]]
2021-09-21 18:05:58 -- [[(5, 3), 255], [255, 255], [255, 255], [255, 255]]
2021-09-21 18:05:58 -- [[(5, 3), (4, 3)], [255, 255], [255, 255], [255, 255]]
2021-09-21 18:05:58 -- [[(4, 3), 255], [255, 255], [255, 255], [255, 255]]
2021-09-21 18:05:58 -- [[255, 255], [255, 255], [255, 255], [255, 255]]
2021-09-21 18:05:58 -- [[(6, 4), 255], [255, 255], [255, 255], [255, 255]]
2021-09-21 18:05:58 -- [[(6, 4), 255], [255, 255], [(3, 4), 255], [255, 255]]
2021-09-21 18:05:58 -- [[255, 255], [255, 255], [(3, 4), 255], [255, 255]]
2021-09-21 18:05:58 -- [[(5, 4), 255], [255, 255], [(3, 4), 255], [255, 255]]
2021-09-21 18:05:58 -- [[(5, 4), (6, 4)], [255, 255], [(3, 4), 255], [255, 255]]
2021-09-21 18:05:58 -- [[255, 255], [255, 255], [255, 255], [255, 255]]
2021-09-21 18:05:59 -- [[(5, 4), 255], [255, 255], [(3, 3), 255], [255, 255]]
2021-09-21 18:05:59 -- [[(5, 4), (6, 4)], [255, 255], [(3, 3), 255], [255, 255]]
2021-09-21 18:05:59 -- [[(5, 4), (5, 4)], [255, 255], [(3, 3), 255], [255, 255]]
2021-09-21 18:05:59 -- [[(5, 4), (5, 4)], [255, 255], [255, 255], [255, 255]]
2021-09-21 18:05:59 -- [[(5, 4), (5, 4)], [255, 255], [(3, 3), 255], [255, 255]]
2021-09-21 18:06:00 -- [[(5, 4), (6, 4)], [255, 255], [(3, 3), 255], [255, 255]]
2021-09-21 18:06:00 -- [[(5, 4), (6, 4)], [255, 255], [(2, 3), 255], [255, 255]]
2021-09-21 18:06:00 -- [[(5, 4), 255], [255, 255], [(2, 2), 255], [255, 255]]
2021-09-21 18:06:00 -- [[(5, 4), (6, 4)], [255, 255], [(3, 2), 255], [255, 255]]
2021-09-21 18:06:00 -- [[(5, 4), (6, 4)], [255, 255], [(2, 2), 255], [255, 255]]
2021-09-21 18:06:00 -- [[(6, 3), (6, 3)], [255, 255], [(2, 2), 255], [255, 255]]
2021-09-21 18:06:00 -- [[(6, 3), (6, 3)], [255, 255], [255, 255], [255, 255]]
2021-09-21 18:06:00 -- [[(6, 3), (6, 3)], [255, 255], [(2, 2), 255], [255, 255]]
2021-09-21 18:06:01 -- [[255, 255], [255, 255], [255, 255], [255, 255]]
2021-09-21 18:06:01 -- [[(5, 5), 255], [255, 255], [(2, 4), 255], [255, 255]]
2021-09-21 18:06:01 -- [[(4, 5), 255], [255, 255], [(2, 4), 255], [255, 255]]
2021-09-21 18:06:01 -- [[255, 255], [255, 255], [(2, 3), 255], [255, 255]]
2021-09-21 18:06:01 -- [[(4, 4), (5, 5)], [255, 255], [255, 255], [255, 255]]
2021-09-21 18:06:01 -- [[(4, 4), (5, 4)], [255, 255], [255, 255], [255, 255]]
2021-09-21 18:06:01 -- [[255, (5, 4)], [255, 255], [255, 255], [255, 255]]
2021-09-21 18:06:01 -- [[255, (5, 4)], [255, 255], [(2, 3), 255], [255, 255]]
2021-09-21 18:06:01 -- [[255, 255], [255, 255], [(2, 3), 255], [255, 255]]
2021-09-21 18:06:01 -- [[255, (5, 4)], [255, 255], [(2, 3), 255], [255, 255]]
2021-09-21 18:06:01 -- [[255, (5, 4)], [255, 255], [(2, 2), 255], [255, 255]]
2021-09-21 18:06:01 -- [[255, (5, 4)], [255, 255], [255, 255], [255, 255]]
2021-09-21 18:06:01 -- [[255, (5, 4)], [255, 255], [(2, 2), 255], [255, 255]]
2021-09-21 18:06:02 -- [[(5, 4), (5, 4)], [255, 255], [(2, 2), 255], [255, 255]]
2021-09-21 18:06:02 -- [[(5, 4), (4, 4)], [255, 255], [(2, 2), 255], [255, 255]]
2021-09-21 18:06:03 -- [[255, (4, 4)], [255, 255], [(2, 2), 255], [255, 255]]
2021-09-21 18:06:03 -- [[255, 255], [255, 255], [(2, 2), 255], [255, 255]]
2021-09-21 18:06:03 -- [[255, 255], [255, 255], [255, 255], [255, 255]]
2021-09-21 18:06:04 -- [[(5, 3), (4, 3)], [255, 255], [(2, 1), 255], [255, 255]]
2021-09-21 18:06:04 -- [[(5, 3), (4, 2)], [255, 255], [(2, 0), 255], [255, 255]]
2021-09-21 18:06:04 -- [[(5, 3), (4, 2)], [255, 255], [255, 255], [255, 255]]
2021-09-21 18:06:04 -- [[(5, 2), (4, 2)], [255, 255], [255, 255], [255, 255]]
2021-09-21 18:06:04 -- [[(5, 2), (4, 1)], [255, 255], [255, 255], [255, 255]]
2021-09-21 18:06:04 -- [[(5, 1), (4, 1)], [255, 255], [255, 255], [255, 255]]
2021-09-21 18:06:05 -- [[(5, 2), (4, 1)], [255, 255], [255, 255], [255, 255]]
2021-09-21 18:06:05 -- [[(5, 2), 255], [255, 255], [255, 255], [255, 255]]
2021-09-21 18:06:05 -- [[(5, 1), 255], [255, 255], [255, 255], [255, 255]]
2021-09-21 18:06:05 -- [[(5, 2), 255], [255, 255], [255, 255], [255, 255]]
2021-09-21 18:06:05 -- [[(5, 1), 255], [255, 255], [255, 255], [255, 255]]
2021-09-21 18:06:05 -- [[(5, 1), (5, 2)], [255, 255], [255, 255], [255, 255]]
2021-09-21 18:06:05 -- [[(5, 1), 255], [255, 255], [255, 255], [255, 255]]
2021-09-21 18:06:06 -- [[255, 255], [255, 255], [255, 255], [255, 255]]
2021-09-21 18:06:06 -- [[(5, 1), 255], [255, 255], [255, 255], [255, 255]]
2021-09-21 18:06:06 -- [[255, 255], [255, 255], [255, 255], [255, 255]]
2021-09-21 18:06:06 -- [[255, 255], [255, 255], [(2, 3), 255], [255, 255]]
2021-09-21 18:06:06 -- [[255, 255], [255, 255], [255, 255], [255, 255]]
2021-09-21 18:06:07 -- [[255, 255], [255, 255], [(2, 0), 255], [255, 255]]
2021-09-21 18:06:07 -- [[255, 255], [255, 255], [255, 255], [255, 255]]
2021-09-21 18:06:07 -- [[255, 255], [255, 255], [(2, 1), 255], [255, 255]]
2021-09-21 18:06:07 -- [[255, 255], [255, 255], [255, 255], [255, 255]]
2021-09-21 18:06:07 -- [[255, 255], [255, 255], [(2, 2), 255], [255, 255]]
2021-09-21 18:06:07 -- [[255, 255], [255, 255], [255, 255], [255, 255]]
2021-09-21 18:06:07 -- [[255, 255], [255, 255], [(2, 3), 255], [255, 255]]
2021-09-21 18:06:07 -- [[255, 255], [255, 255], [255, 255], [255, 255]]
2021-09-21 18:06:08 -- [[255, 255], [255, 255], [(3, 4), 255], [255, 255]]
2021-09-21 18:06:08 -- [[255, 255], [255, 255], [255, 255], [255, 255]]
2021-09-21 18:06:09 -- [[(5, 4), 255], [255, 255], [(4, 3), 255], [255, 255]]
2021-09-21 18:06:09 -- [[255, 255], [255, 255], [255, 255], [255, 255]]
2021-09-21 18:06:09 -- [[255, 255], [255, 255], [(3, 2), 255], [255, 255]]
2021-09-21 18:06:09 -- [[255, 255], [255, 255], [255, 255], [255, 255]]
2021-09-21 18:06:09 -- [[255, 255], [255, 255], [(4, 3), 255], [255, 255]]
2021-09-21 18:06:09 -- [[(5, 4), 255], [255, 255], [(4, 3), 255], [255, 255]]
2021-09-21 18:06:09 -- [[255, 255], [255, 255], [255, 255], [255, 255]]
2021-09-21 18:06:09 -- [[(5, 4), 255], [255, 255], [(4, 3), 255], [255, 255]]
2021-09-21 18:06:09 -- [[(5, 4), 255], [255, 255], [(3, 3), 255], [255, 255]]
2021-09-21 18:06:09 -- [[(5, 4), 255], [255, 255], [255, 255], [255, 255]]
2021-09-21 18:06:09 -- [[(5, 4), 255], [255, 255], [(3, 3), 255], [255, 255]]
2021-09-21 18:06:09 -- [[255, 255], [255, 255], [255, 255], [255, 255]]
2021-09-21 18:06:10 -- [[255, 255], [255, 255], [(2, 3), 255], [255, 255]]
2021-09-21 18:06:10 -- [[255, 255], [255, 255], [255, 255], [255, 255]]
2021-09-21 18:06:10 -- [[255, 255], [255, 255], [(2, 3), 255], [255, 255]]
2021-09-21 18:06:10 -- [[255, 255], [255, 255], [255, 255], [255, 255]]
2021-09-21 18:06:10 -- [[255, 255], [255, 255], [(2, 1), 255], [255, 255]]
2021-09-21 18:06:10 -- [[(5, 4), 255], [255, 255], [255, 255], [255, 255]]
2021-09-21 18:06:10 -- [[(5, 4), 255], [255, 255], [(2, 1), 255], [255, 255]]
2021-09-21 18:06:10 -- [[(5, 4), 255], [255, 255], [(1, 1), 255], [255, 255]]
2021-09-21 18:06:11 -- [[255, 255], [255, 255], [255, 255], [255, 255]]
2021-09-21 18:06:11 -- [[255, 255], [255, 255], [(1, 1), 255], [255, 255]]
2021-09-21 18:06:11 -- [[(5, 3), 255], [255, 255], [(1, 1), 255], [255, 255]]
2021-09-21 18:06:11 -- [[255, 255], [255, 255], [(0, 1), 255], [255, 255]]
2021-09-21 18:06:11 -- [[(5, 3), 255], [255, 255], [(0, 1), 255], [255, 255]]
2021-09-21 18:06:11 -- [[(5, 3), (4, 3)], [255, 255], [(0, 1), 255], [255, 255]]
2021-09-21 18:06:11 -- [[(5, 3), 255], [255, 255], [(0, 1), 255], [255, 255]]
2021-09-21 18:06:11 -- [[(5, 4), (4, 3)], [255, 255], [(0, 1), 255], [255, 255]]
2021-09-21 18:06:11 -- [[(5, 4), 255], [255, 255], [(0, 1), 255], [255, 255]]
2021-09-21 18:06:11 -- [[(5, 4), (4, 3)], [255, 255], [(0, 1), 255], [255, 255]]
2021-09-21 18:06:11 -- [[(5, 3), (4, 3)], [255, 255], [(0, 1), 255], [255, 255]]
2021-09-21 18:06:11 -- [[(5, 4), 255], [255, 255], [(0, 1), 255], [255, 255]]
2021-09-21 18:06:11 -- [[(5, 4), 255], [255, 255], [(1, 1), 255], [255, 255]]
2021-09-21 18:06:11 -- [[(5, 3), 255], [255, 255], [255, 255], [255, 255]]
2021-09-21 18:06:11 -- [[(5, 3), 255], [255, 255], [(1, 0), 255], [255, 255]]
2021-09-21 18:06:11 -- [[(5, 3), 255], [255, 255], [255, 255], [255, 255]]
2021-09-21 18:06:12 -- [[(5, 3), (5, 3)], [255, 255], [255, 255], [255, 255]]
2021-09-21 18:06:12 -- [[(5, 3), (5, 4)], [255, 255], [255, 255], [255, 255]]
2021-09-21 18:06:12 -- [[(5, 3), (5, 3)], [255, 255], [255, 255], [255, 255]]
2021-09-21 18:06:13 -- [[(5, 3), (5, 4)], [255, 255], [255, 255], [255, 255]]
2021-09-21 18:06:13 -- [[(5, 3), (6, 4)], [255, 255], [255, 255], [255, 255]]
2021-09-21 18:06:13 -- [[(5, 4), (6, 4)], [255, 255], [255, 255], [255, 255]]
2021-09-21 18:06:14 -- [[(6, 4), (6, 4)], [255, 255], [255, 255], [255, 255]]
2021-09-21 18:06:15 -- [[255, 255], [255, 255], [255, 255], [255, 255]]
2021-09-21 18:06:15 -- [[255, (6, 4)], [255, 255], [255, 255], [255, 255]]
2021-09-21 18:06:15 -- [[255, 255], [255, 255], [255, 255], [255, 255]]
2021-09-21 18:06:15 -- [[255, (7, 2)], [255, 255], [255, 255], [255, 255]]
2021-09-21 18:06:17 -- [[255, (7, 3)], [255, 255], [255, 255], [255, 255]]
2021-09-21 18:06:19 -- [[(7, 3), (7, 3)], [255, 255], [255, 255], [255, 255]]
2021-09-21 18:06:19 -- [[255, (7, 3)], [255, 255], [255, 255], [255, 255]]
2021-09-21 18:06:19 -- [[(7, 3), (7, 3)], [255, 255], [255, 255], [255, 255]]
2021-09-21 18:06:19 -- [[255, (7, 3)], [255, 255], [255, 255], [255, 255]]
2021-09-21 18:06:19 -- [[(7, 3), (7, 3)], [255, 255], [255, 255], [255, 255]]
2021-09-21 18:06:19 -- [[255, (7, 3)], [255, 255], [255, 255], [255, 255]]
2021-09-21 18:06:20 -- [[(7, 3), (7, 3)], [255, 255], [255, 255], [255, 255]]
2021-09-21 18:06:20 -- [[255, (7, 3)], [255, 255], [255, 255], [255, 255]]
2021-09-21 18:06:20 -- [[(7, 3), (7, 3)], [255, 255], [255, 255], [255, 255]]
2021-09-21 18:06:20 -- [[255, (7, 3)], [255, 255], [255, 255], [255, 255]]
2021-09-21 18:06:20 -- [[(7, 3), (7, 3)], [255, 255], [255, 255], [255, 255]]
2021-09-21 18:06:21 -- [[255, (7, 3)], [255, 255], [255, 255], [255, 255]]
2021-09-21 18:06:21 -- [[(7, 3), (7, 3)], [255, 255], [255, 255], [255, 255]]
2021-09-21 18:06:21 -- [[255, (7, 3)], [255, 255], [255, 255], [255, 255]]
2021-09-21 18:06:21 -- [[255, 255], [255, 255], [255, 255], [255, 255]]
2021-09-21 18:06:21 -- [[255, 255], [255, 255], [(2, 4), 255], [255, 255]]
2021-09-21 18:06:21 -- [[255, 255], [255, 255], [255, 255], [255, 255]]
2021-09-21 18:06:21 -- [[255, (6, 4)], [255, 255], [(2, 2), 255], [255, 255]]
2021-09-21 18:06:21 -- [[255, (6, 4)], [255, 255], [(2, 3), 255], [255, 255]]
2021-09-21 18:06:21 -- [[255, 255], [255, 255], [255, 255], [255, 255]]
2021-09-21 18:06:22 -- [[255, 255], [255, 255], [(3, 4), 255], [255, 255]]
2021-09-21 18:06:22 -- [[255, 255], [255, 255], [255, 255], [255, 255]]
2021-09-21 18:06:22 -- [[255, 255], [255, 255], [(2, 4), 255], [255, 255]]
2021-09-21 18:06:22 -- [[255, 255], [255, 255], [255, 255], [255, 255]]
2021-09-21 18:06:22 -- [[255, 255], [255, 255], [(2, 4), 255], [255, 255]]
2021-09-21 18:06:22 -- [[255, 255], [255, 255], [255, 255], [255, 255]]
2021-09-21 18:06:22 -- [[255, 255], [255, 255], [(2, 4), 255], [255, 255]]
2021-09-21 18:06:22 -- [[255, 255], [255, 255], [255, 255], [255, 255]]
2021-09-21 18:06:23 -- [[255, (5, 3)], [255, 255], [255, 255], [255, 255]]
2021-09-21 18:06:23 -- [[255, (5, 2)], [255, 255], [255, 255], [255, 255]]
2021-09-21 18:06:23 -- [[255, (6, 2)], [255, 255], [255, 255], [255, 255]]
2021-09-21 18:06:23 -- [[255, (6, 3)], [255, 255], [255, 255], [255, 255]]
2021-09-21 18:06:23 -- [[255, (6, 2)], [255, 255], [255, 255], [255, 255]]
2021-09-21 18:06:23 -- [[255, 255], [255, 255], [255, 255], [255, 255]]
2021-09-21 18:06:25 -- [[255, (6, 3)], [255, 255], [(2, 2), 255], [255, 255]]
2021-09-21 18:06:25 -- [[255, (6, 3)], [255, 255], [(1, 2), 255], [255, 255]]
2021-09-21 18:06:25 -- [[255, (6, 3)], [255, 255], [(1, 1), 255], [255, 255]]
2021-09-21 18:06:25 -- [[255, 255], [255, 255], [255, 255], [255, 255]]
2021-09-21 18:06:25 -- [[255, (6, 3)], [255, 255], [(1, 1), 255], [255, 255]]
2021-09-21 18:06:25 -- [[(6, 3), (6, 3)], [255, 255], [(1, 1), 255], [255, 255]]
2021-09-21 18:06:25 -- [[255, (6, 3)], [255, 255], [(1, 1), 255], [255, 255]]
2021-09-21 18:06:25 -- [[255, 255], [255, 255], [(1, 1), 255], [255, 255]]
2021-09-21 18:06:25 -- [[255, 255], [255, 255], [255, 255], [255, 255]]
2021-09-21 18:06:26 -- [[255, (6, 2)], [255, 255], [255, 255], [255, 255]]
2021-09-21 18:06:27 -- [[255, (6, 1)], [255, 255], [255, 255], [255, 255]]
2021-09-21 18:06:27 -- [[255, 255], [255, 255], [255, 255], [255, 255]]
2021-09-21 18:06:40 -- [[255, 255], [255, 255], [(2, 3), 255], [255, 255]]
2021-09-21 18:06:40 -- [[255, (6, 4)], [255, 255], [255, 255], [255, 255]]
2021-09-21 18:06:40 -- [[255, 255], [255, 255], [(2, 2), 255], [255, 255]]
2021-09-21 18:06:40 -- [[255, 255], [255, 255], [(2, 3), 255], [255, 255]]
2021-09-21 18:06:40 -- [[255, (6, 4)], [255, 255], [(2, 3), 255], [255, 255]]
2021-09-21 18:06:41 -- [[255, 255], [255, 255], [(2, 3), 255], [255, 255]]
2021-09-21 18:06:41 -- [[255, 255], [255, 255], [255, 255], [255, 255]]
2021-09-21 18:06:41 -- [[255, (5, 4)], [255, 255], [255, 255], [255, 255]]
2021-09-21 18:06:41 -- [[255, 255], [255, 255], [255, 255], [255, 255]]
2021-09-21 18:06:41 -- [[255, (5, 4)], [255, 255], [(2, 3), 255], [255, 255]]
2021-09-21 18:06:42 -- [[255, 255], [255, 255], [(2, 2), 255], [255, 255]]
2021-09-21 18:06:42 -- [[255, (6, 4)], [255, 255], [(2, 2), 255], [255, 255]]
2021-09-21 18:06:42 -- [[255, (6, 4)], [255, 255], [255, 255], [255, 255]]
2021-09-21 18:06:42 -- [[255, 255], [255, 255], [255, 255], [255, 255]]
2021-09-21 18:06:42 -- [[255, (5, 4)], [255, 255], [255, 255], [255, 255]]
2021-09-21 18:06:42 -- [[255, (5, 4)], [255, 255], [(2, 3), 255], [255, 255]]
2021-09-21 18:06:42 -- [[255, 255], [255, 255], [255, 255], [255, 255]]
2021-09-21 18:06:42 -- [[255, (4, 2)], [255, 255], [255, 255], [255, 255]]
2021-09-21 18:06:42 -- [[255, 255], [255, 255], [255, 255], [255, 255]]
2021-09-21 18:06:42 -- [[255, (5, 3)], [255, 255], [255, 255], [255, 255]]
2021-09-21 18:06:42 -- [[255, 255], [255, 255], [255, 255], [255, 255]]
